escribir_poblacion
  a0 XY ($,$)
  a1 XX ($,$)
  b0 XY ($,$)
  b1 XX ($,$)
reproduccion_sexual a1 a0 c0
reproduccion_sexual a1 a0 c1
reproduccion_sexual b1 b0 d0
reproduccion_sexual b1 b0 d1
reproduccion_sexual c1 d0 e0
reproduccion_sexual b1 e0 e1
  no es posible reproduccion
anadir_individuo e1
anadir_individuo e1
  error
reproduccion_sexual e1 e0 f0
reproduccion_sexual c1 d0 f1
reproduccion_sexual f1 e0 nemo
  no es posible reproduccion
escribir_arbol_genealogico f0
  Nivel 0: f0
  Nivel 1: e0 e1
  Nivel 2: d0 c1
  Nivel 3: b0 b1 a0 a1
escribir_arbol_genealogico nemo
  error
completar_arbol_genealogico f0
  no es arbol parcial
completar_arbol_genealogico $
  no es arbol parcial
completar_arbol_genealogico f0
  f0 e0 d0 b0 $ $ b1 $ $ c1 a0 $ $ a1 $ $ e1 $ $
completar_arbol_genealogico f0
  no es arbol parcial
completar_arbol_genealogico f0
  f0 *e0* *d0* *b0* $ $ *b1* $ $ *c1* *a0* $ $ *a1* $ $ *e1* $ $
escribir_poblacion
  a0 XY ($,$)
  a1 XX ($,$)
  b0 XY ($,$)
  b1 XX ($,$)
  c0 XY (a0,a1)
  c1 XX (a0,a1)
  d0 XY (b0,b1)
  d1 XX (b0,b1)
  e0 XY (d0,c1)
  e1 XX ($,$)
  f0 XY (e0,e1)
  f1 XX (d0,c1)
acabar
